A51 MACRO ASSEMBLER  TP1_LIB_ASM                                                          02/09/2026 11:22:08 PAGE     1


MACRO ASSEMBLER A51 V8.2.7.0
OBJECT MODULE PLACED IN TP1_Lib_ASM.OBJ
ASSEMBLER INVOKED BY: C:\Keil_v5\C51\BIN\A51.EXE TP1_Lib_ASM.ASM NOMOD51 SET(SMALL) DEBUG EP

LOC  OBJ            LINE     SOURCE

                       1     ;******************************************************************************
                       2     ;Lib_TP_SM.asm
                       3     
                       4     ;   Ce fichier contient des définitions et des routines utiles au TP
                       5     ;   Aucune modification n'est nécessaire.
                       6     ;   Il suffit d'ajouter ce fichier à votre Projet
                       7     ;   TARGET MCU  :  C8051F020 
                       8     ;******************************************************************************
                       9     ;$include (C8051F020.INC) ; Register definition file.
                +1    10     ;-----------------------------------------------------------------------------
                +1    11     ;       
                +1    12     ;       
                +1    13     ;
                +1    14     ;
                +1    15     ;       FILE NAME       : C8051F020.INC 
                +1    16     ;       TARGET MCUs     : C8051F020, 'F021, 'F022, 'F023 
                +1    17     ;       DESCRIPTION     : Register/bit definitions for the C8051F02x product family.  
                +1    18     ;
                +1    19     ;       REVISION 1.0    
                +1    20     ;
                +1    21     ;-----------------------------------------------------------------------------
                +1    22     ;REGISTER DEFINITIONS
                +1    23     ;
  0080          +1    24     P0       DATA  080H   ; PORT 0
  0081          +1    25     SP       DATA  081H   ; STACK POINTER
  0082          +1    26     DPL      DATA  082H   ; DATA POINTER - LOW BYTE
  0083          +1    27     DPH      DATA  083H   ; DATA POINTER - HIGH BYTE
  0084          +1    28     P4       DATA  084H   ; PORT 4
  0085          +1    29     P5       DATA  085H   ; PORT 5
  0086          +1    30     P6       DATA  086H   ; PORT 6
  0087          +1    31     PCON     DATA  087H   ; POWER CONTROL
  0088          +1    32     TCON     DATA  088H   ; TIMER CONTROL
  0089          +1    33     TMOD     DATA  089H   ; TIMER MODE
  008A          +1    34     TL0      DATA  08AH   ; TIMER 0 - LOW BYTE
  008B          +1    35     TL1      DATA  08BH   ; TIMER 1 - LOW BYTE
  008C          +1    36     TH0      DATA  08CH   ; TIMER 0 - HIGH BYTE
  008D          +1    37     TH1      DATA  08DH   ; TIMER 1 - HIGH BYTE
  008E          +1    38     CKCON    DATA  08EH   ; CLOCK CONTROL
  008F          +1    39     PSCTL    DATA  08FH   ; PROGRAM STORE R/W CONTROL
  0090          +1    40     P1       DATA  090H   ; PORT 1
  0091          +1    41     TMR3CN   DATA  091H   ; TIMER 3 CONTROL
  0092          +1    42     TMR3RLL  DATA  092H   ; TIMER 3 RELOAD REGISTER - LOW BYTE
  0093          +1    43     TMR3RLH  DATA  093H   ; TIMER 3 RELOAD REGISTER - HIGH BYTE
  0094          +1    44     TMR3L    DATA  094H   ; TIMER 3 - LOW BYTE
  0095          +1    45     TMR3H    DATA  095H   ; TIMER 3 - HIGH BYTE
  0096          +1    46     P7       DATA  096H   ; PORT 7
  0098          +1    47     SCON0    DATA  098H   ; SERIAL PORT 0 CONTROL
  0099          +1    48     SBUF0    DATA  099H   ; SERIAL PORT 0 BUFFER
  009A          +1    49     SPI0CFG  DATA  09AH   ; SERIAL PERIPHERAL INTERFACE 0 CONFIGURATION
  009B          +1    50     SPI0DAT  DATA  09BH   ; SERIAL PERIPHERAL INTERFACE 0 DATA
  009C          +1    51     ADC1     DATA  09CH   ; ADC 1 DATA
  009D          +1    52     SPI0CKR  DATA  09DH   ; SERIAL PERIPHERAL INTERFACE 0 CLOCK RATE CONTROL
  009E          +1    53     CPT0CN   DATA  09EH   ; COMPARATOR 0 CONTROL
  009F          +1    54     CPT1CN   DATA  09FH   ; COMPARATOR 1 CONTROL 
  00A0          +1    55     P2       DATA  0A0H   ; PORT 2
  00A1          +1    56     EMI0TC   DATA  0A1H   ; EMIF TIMING CONTROL
  00A3          +1    57     EMI0CF   DATA  0A3H   ; EXTERNAL MEMORY INTERFACE (EMIF) CONFIGURATION
  00A4          +1    58     P0MDOUT  DATA  0A4H   ; PORT 0 OUTPUT MODE CONFIGURATION
A51 MACRO ASSEMBLER  TP1_LIB_ASM                                                          02/09/2026 11:22:08 PAGE     2

  00A5          +1    59     P1MDOUT  DATA  0A5H   ; PORT 1 OUTPUT MODE CONFIGURATION
  00A6          +1    60     P2MDOUT  DATA  0A6H   ; PORT 2 OUTPUT MODE CONFIGURATION
  00A7          +1    61     P3MDOUT  DATA  0A7H   ; PORT 3 OUTPUT MODE CONFIGURATION
  00A8          +1    62     IE       DATA  0A8H   ; INTERRUPT ENABLE
  00A9          +1    63     SADDR0   DATA  0A9H   ; SERIAL PORT 0 SLAVE ADDRESS
  00AA          +1    64     ADC1CN  DATA  0AAH   ; ADC 1 CONTROL
  00AB          +1    65     ADC1CF   DATA  0ABH   ; ADC 1 ANALOG MUX CONFIGURATION
  00AC          +1    66     AMX1SL   DATA  0ACH   ; ADC 1 ANALOG MUX CHANNEL SELECT
  00AD          +1    67     P3IF     DATA  0ADH   ; PORT 3 EXTERNAL INTERRUPT FLAGS
  00AE          +1    68     SADEN1   DATA  0AEH   ; SERIAL PORT 1 SLAVE ADDRESS MASK
  00AF          +1    69     EMI0CN   DATA  0AFH   ; EXTERNAL MEMORY INTERFACE CONTROL
  00B0          +1    70     P3       DATA  0B0H   ; PORT 3
  00B1          +1    71     OSCXCN   DATA  0B1H   ; EXTERNAL OSCILLATOR CONTROL
  00B2          +1    72     OSCICN   DATA  0B2H   ; INTERNAL OSCILLATOR CONTROL
  00B5          +1    73     P74OUT   DATA  0B5H   ; PORTS 4 - 7 OUTPUT MODE
  00B6          +1    74     FLSCL    DATA  0B6H   ; FLASH MEMORY TIMING PRESCALER
  00B7          +1    75     FLACL    DATA  0B7H   ; FLASH ACESS LIMIT 
  00B8          +1    76     IP       DATA  0B8H   ; INTERRUPT PRIORITY
  00B9          +1    77     SADEN0   DATA  0B9H   ; SERIAL PORT 0 SLAVE ADDRESS MASK
  00BA          +1    78     AMX0CF   DATA  0BAH   ; ADC 0 MUX CONFIGURATION
  00BB          +1    79     AMX0SL   DATA  0BBH   ; ADC 0 MUX CHANNEL SELECTION
  00BC          +1    80     ADC0CF   DATA  0BCH   ; ADC 0 CONFIGURATION
  00BD          +1    81     P1MDIN   DATA  0BDH   ; PORT 1 INPUT MODE
  00BE          +1    82     ADC0L    DATA  0BEH   ; ADC 0 DATA - LOW BYTE
  00BF          +1    83     ADC0H    DATA  0BFH   ; ADC 0 DATA - HIGH BYTE 
  00C0          +1    84     SMB0CN   DATA  0C0H   ; SMBUS 0 CONTROL
  00C1          +1    85     SMB0STA  DATA  0C1H   ; SMBUS 0 STATUS
  00C2          +1    86     SMB0DAT  DATA  0C2H   ; SMBUS 0 DATA 
  00C3          +1    87     SMB0ADR  DATA  0C3H   ; SMBUS 0 SLAVE ADDRESS
  00C4          +1    88     ADC0GTL  DATA  0C4H   ; ADC 0 GREATER-THAN REGISTER - LOW BYTE
  00C5          +1    89     ADC0GTH  DATA  0C5H   ; ADC 0 GREATER-THAN REGISTER - HIGH BYTE
  00C6          +1    90     ADC0LTL  DATA  0C6H   ; ADC 0 LESS-THAN REGISTER - LOW BYTE
  00C7          +1    91     ADC0LTH  DATA  0C7H   ; ADC 0 LESS-THAN REGISTER - HIGH BYTE
  00C8          +1    92     T2CON    DATA  0C8H   ; TIMER 2 CONTROL
  00C9          +1    93     T4CON    DATA  0C9H   ; TIMER 4 CONTROL
  00CA          +1    94     RCAP2L   DATA  0CAH   ; TIMER 2 CAPTURE REGISTER - LOW BYTE
  00CB          +1    95     RCAP2H   DATA  0CBH   ; TIMER 2 CAPTURE REGISTER - HIGH BYTE
  00CC          +1    96     TL2      DATA  0CCH   ; TIMER 2 - LOW BYTE
  00CD          +1    97     TH2      DATA  0CDH   ; TIMER 2 - HIGH BYTE
  00CF          +1    98     SMB0CR   DATA  0CFH   ; SMBUS 0 CLOCK RATE
  00D0          +1    99     PSW      DATA  0D0H   ; PROGRAM STATUS WORD
  00D1          +1   100     REF0CN   DATA  0D1H   ; VOLTAGE REFERENCE 0 CONTROL
  00D2          +1   101     DAC0L    DATA  0D2H   ; DAC 0 REGISTER - LOW BYTE
  00D3          +1   102     DAC0H    DATA  0D3H   ; DAC 0 REGISTER - HIGH BYTE
  00D4          +1   103     DAC0CN   DATA  0D4H   ; DAC 0 CONTROL
  00D5          +1   104     DAC1L    DATA  0D5H   ; DAC 1 REGISTER - LOW BYTE
  00D6          +1   105     DAC1H    DATA  0D6H   ; DAC 1 REGISTER - HIGH BYTE
  00D7          +1   106     DAC1CN   DATA  0D7H   ; DAC 1 CONTROL
  00D8          +1   107     PCA0CN   DATA  0D8H   ; PCA 0 COUNTER CONTROL
  00D9          +1   108     PCA0MD   DATA  0D9H   ; PCA 0 COUNTER MODE
  00DA          +1   109     PCA0CPM0 DATA  0DAH   ; CONTROL REGISTER FOR PCA 0 MODULE 0
  00DB          +1   110     PCA0CPM1 DATA  0DBH   ; CONTROL REGISTER FOR PCA 0 MODULE 1
  00DC          +1   111     PCA0CPM2 DATA  0DCH   ; CONTROL REGISTER FOR PCA 0 MODULE 2
  00DD          +1   112     PCA0CPM3 DATA  0DDH   ; CONTROL REGISTER FOR PCA 0 MODULE 3
  00DE          +1   113     PCA0CPM4 DATA  0DEH   ; CONTROL REGISTER FOR PCA 0 MODULE 4
  00E0          +1   114     ACC      DATA  0E0H   ; ACCUMULATOR
  00E1          +1   115     XBR0     DATA  0E1H   ; DIGITAL CROSSBAR CONFIGURATION REGISTER 0
  00E2          +1   116     XBR1     DATA  0E2H   ; DIGITAL CROSSBAR CONFIGURATION REGISTER 1
  00E3          +1   117     XBR2     DATA  0E3H   ; DIGITAL CROSSBAR CONFIGURATION REGISTER 2
  00E4          +1   118     RCAP4L   DATA  0E4H   ; TIMER 4 CAPTURE REGISTER - LOW BYTE
  00E5          +1   119     RCAP4H   DATA  0E5H   ; TIMER 4 CAPTURE REGISTER - HIGH BYTE
  00E6          +1   120     EIE1     DATA  0E6H   ; EXTERNAL INTERRUPT ENABLE 1
  00E7          +1   121     EIE2     DATA  0E7H   ; EXTERNAL INTERRUPT ENABLE 2
  00E8          +1   122     ADC0CN   DATA  0E8H   ; ADC 0 CONTROL
  00E9          +1   123     PCA0L    DATA  0E9H   ; PCA 0 TIMER - LOW BYTE
  00EA          +1   124     PCA0CPL0 DATA  0EAH   ; CAPTURE/COMPARE REGISTER FOR PCA 0 MODULE 0 - LOW BYTE
A51 MACRO ASSEMBLER  TP1_LIB_ASM                                                          02/09/2026 11:22:08 PAGE     3

  00EB          +1   125     PCA0CPL1 DATA  0EBH   ; CAPTURE/COMPARE REGISTER FOR PCA 0 MODULE 1 - LOW BYTE
  00EC          +1   126     PCA0CPL2 DATA  0ECH   ; CAPTURE/COMPARE REGISTER FOR PCA 0 MODULE 2 - LOW BYTE
  00ED          +1   127     PCA0CPL3 DATA  0EDH   ; CAPTURE/COMPARE REGISTER FOR PCA 0 MODULE 3 - LOW BYTE
  00EE          +1   128     PCA0CPL4 DATA  0EEH   ; CAPTURE/COMPARE REGISTER FOR PCA 0 MODULE 4 - LOW BYTE
  00EF          +1   129     RSTSRC   DATA  0EFH   ; RESET SOURCE 
  00F0          +1   130     B        DATA  0F0H   ; B REGISTER
  00F1          +1   131     SCON1    DATA  0F1H   ; SERIAL PORT 1 CONTROL
  00F2          +1   132     SBUF1    DATA  0F2H   ; SERAIL PORT 1 DATA
  00F3          +1   133     SADDR1   DATA  0F3H   ; SERAIL PORT 1 
  00F4          +1   134     TL4      DATA  0F4H   ; TIMER 4 DATA - LOW BYTE
  00F5          +1   135     TH4      DATA  0F5H   ; TIMER 4 DATA - HIGH BYTE
  00F6          +1   136     EIP1     DATA  0F6H   ; EXTERNAL INTERRUPT PRIORITY REGISTER 1
  00F7          +1   137     EIP2     DATA  0F7H   ; EXTERNAL INTERRUPT PRIORITY REGISTER 2
  00F8          +1   138     SPI0CN   DATA  0F8H   ; SERIAL PERIPHERAL INTERFACE 0 CONTROL 
  00F9          +1   139     PCA0H    DATA  0F9H   ; PCA 0 TIMER - HIGH BYTE
  00FA          +1   140     PCA0CPH0 DATA  0FAH   ; CAPTURE/COMPARE REGISTER FOR PCA 0 MODULE 0 - HIGH BYTE
  00FB          +1   141     PCA0CPH1 DATA  0FBH   ; CAPTURE/COMPARE REGISTER FOR PCA 0 MODULE 1 - HIGH BYTE
  00FC          +1   142     PCA0CPH2 DATA  0FCH   ; CAPTURE/COMPARE REGISTER FOR PCA 0 MODULE 2 - HIGH BYTE
  00FD          +1   143     PCA0CPH3 DATA  0FDH   ; CAPTURE/COMPARE REGISTER FOR PCA 0 MODULE 3 - HIGH BYTE
  00FE          +1   144     PCA0CPH4 DATA  0FEH   ; CAPTURE/COMPARE REGISTER FOR PCA 0 MODULE 4 - HIGH BYTE
  00FF          +1   145     WDTCN    DATA  0FFH   ; WATCHDOG TIMER CONTROL 
                +1   146     ;
                +1   147     ;------------------------------------------------------------------------------
                +1   148     ;BIT DEFINITIONS
                +1   149     ;
                +1   150     ; TCON 88H
  0088          +1   151     IT0      BIT   TCON.0 ; EXT. INTERRUPT 0 TYPE
  0089          +1   152     IE0      BIT   TCON.1 ; EXT. INTERRUPT 0 EDGE FLAG
  008A          +1   153     IT1      BIT   TCON.2 ; EXT. INTERRUPT 1 TYPE
  008B          +1   154     IE1      BIT   TCON.3 ; EXT. INTERRUPT 1 EDGE FLAG
  008C          +1   155     TR0      BIT   TCON.4 ; TIMER 0 ON/OFF CONTROL
  008D          +1   156     TF0      BIT   TCON.5 ; TIMER 0 OVERFLOW FLAG
  008E          +1   157     TR1      BIT   TCON.6 ; TIMER 1 ON/OFF CONTROL
  008F          +1   158     TF1      BIT   TCON.7 ; TIMER 1 OVERFLOW FLAG
                +1   159     ;
                +1   160     ; SCON0 98H
  0098          +1   161     RI       BIT   SCON0.0 ; RECEIVE INTERRUPT FLAG
  0099          +1   162     TI       BIT   SCON0.1 ; TRANSMIT INTERRUPT FLAG
  009A          +1   163     RB8      BIT   SCON0.2 ; RECEIVE BIT 8
  009B          +1   164     TB8      BIT   SCON0.3 ; TRANSMIT BIT 8
  009C          +1   165     REN      BIT   SCON0.4 ; RECEIVE ENABLE
  009D          +1   166     SM2      BIT   SCON0.5 ; MULTIPROCESSOR COMMUNICATION ENABLE
  009E          +1   167     SM1      BIT   SCON0.6 ; SERIAL MODE CONTROL BIT 1
  009F          +1   168     SM0      BIT   SCON0.7 ; SERIAL MODE CONTROL BIT 0
                +1   169     ; 
                +1   170     ; IE A8H
  00A8          +1   171     EX0      BIT   IE.0   ; EXTERNAL INTERRUPT 0 ENABLE
  00A9          +1   172     ET0      BIT   IE.1   ; TIMER 0 INTERRUPT ENABLE
  00AA          +1   173     EX1      BIT   IE.2   ; EXTERNAL INTERRUPT 1 ENABLE
  00AB          +1   174     ET1      BIT   IE.3   ; TIMER 1 INTERRUPT ENABLE
  00AC          +1   175     ES       BIT   IE.4   ; SERIAL PORT INTERRUPT ENABLE
  00AD          +1   176     ET2      BIT   IE.5   ; TIMER 2 INTERRUPT ENABLE
  00AF          +1   177     EA       BIT   IE.7   ; GLOBAL INTERRUPT ENABLE
                +1   178     ;
                +1   179     ; IP B8H
  00B8          +1   180     PX0      BIT   IP.0   ; EXTERNAL INTERRUPT 0 PRIORITY
  00B9          +1   181     PT0      BIT   IP.1   ; TIMER 0 PRIORITY
  00BA          +1   182     PX1      BIT   IP.2   ; EXTERNAL INTERRUPT 1 PRIORITY
  00BB          +1   183     PT1      BIT   IP.3   ; TIMER 1 PRIORITY
  00BC          +1   184     PS       BIT   IP.4   ; SERIAL PORT PRIORITY
  00BD          +1   185     PT2      BIT   IP.5   ; TIMER 2 PRIORITY
                +1   186     ;
                +1   187     ; SMB0CN C0H
  00C0          +1   188     SMBTOE   BIT   SMB0CN.0 ; SMBUS 0 TIMEOUT ENABLE
  00C1          +1   189     SMBFTE   BIT   SMB0CN.1 ; SMBUS 0 FREE TIMER ENABLE
  00C2          +1   190     AA       BIT   SMB0CN.2 ; SMBUS 0 ASSERT/ACKNOWLEDGE FLAG
A51 MACRO ASSEMBLER  TP1_LIB_ASM                                                          02/09/2026 11:22:08 PAGE     4

  00C3          +1   191     SI       BIT   SMB0CN.3 ; SMBUS 0 INTERRUPT PENDING FLAG
  00C4          +1   192     STO      BIT   SMB0CN.4 ; SMBUS 0 STOP FLAG
  00C5          +1   193     STA      BIT   SMB0CN.5 ; SMBUS 0 START FLAG
  00C6          +1   194     ENSMB    BIT   SMB0CN.6 ; SMBUS 0 ENABLE 
                +1   195     ;
                +1   196     ; T2CON C8H
  00C8          +1   197     CPRL2    BIT   T2CON.0 ; CAPTURE OR RELOAD SELECT
  00C9          +1   198     CT2      BIT   T2CON.1 ; TIMER OR COUNTER SELECT
  00CA          +1   199     TR2      BIT   T2CON.2 ; TIMER 2 ON/OFF CONTROL
  00CB          +1   200     EXEN2    BIT   T2CON.3 ; TIMER 2 EXTERNAL ENABLE FLAG
  00CC          +1   201     TCLK     BIT   T2CON.4 ; TRANSMIT CLOCK FLAG
  00CD          +1   202     RCLK     BIT   T2CON.5 ; RECEIVE CLOCK FLAG
  00CE          +1   203     EXF2     BIT   T2CON.6 ; EXTERNAL FLAG
  00CF          +1   204     TF2      BIT   T2CON.7 ; TIMER 2 OVERFLOW FLAG
                +1   205     ;
                +1   206     ; PSW D0H
  00D0          +1   207     P        BIT   PSW.0  ; ACCUMULATOR PARITY FLAG
  00D1          +1   208     F1       BIT   PSW.1  ; USER FLAG 1
  00D2          +1   209     OV       BIT   PSW.2  ; OVERFLOW FLAG
  00D3          +1   210     RS0      BIT   PSW.3  ; REGISTER BANK SELECT 0
  00D4          +1   211     RS1      BIT   PSW.4  ; REGISTER BANK SELECT 1
  00D5          +1   212     F0       BIT   PSW.5  ; USER FLAG 0
  00D6          +1   213     AC       BIT   PSW.6  ; AUXILIARY CARRY FLAG
  00D7          +1   214     CY       BIT   PSW.7  ; CARRY FLAG
                +1   215     ;
                +1   216     ; PCA0CN D8H
  00D8          +1   217     CCF0     BIT   PCA0CN.0 ; PCA 0 MODULE 0 INTERRUPT FLAG
  00D9          +1   218     CCF1     BIT   PCA0CN.1 ; PCA 0 MODULE 1 INTERRUPT FLAG
  00DA          +1   219     CCF2     BIT   PCA0CN.2 ; PCA 0 MODULE 2 INTERRUPT FLAG
  00DB          +1   220     CCF3     BIT   PCA0CN.3 ; PCA 0 MODULE 3 INTERRUPT FLAG
  00DC          +1   221     CCF4     BIT   PCA0CN.4 ; PCA 0 MODULE 4 INTERRUPT FLAG
  00DE          +1   222     CR       BIT   PCA0CN.6 ; PCA 0 COUNTER RUN CONTROL BIT
  00DF          +1   223     CF       BIT   PCA0CN.7 ; PCA 0 COUNTER OVERFLOW FLAG
                +1   224     ;
                +1   225     ; ADC0CN E8H
  00E8          +1   226     AD0LJST  BIT   ADC0CN.0 ; ADC 0 RIGHT JUSTIFY DATA BIT
  00E9          +1   227     AD0WINT  BIT   ADC0CN.1 ; ADC 0 WINDOW COMPARE INTERRUPT FLAG
  00EA          +1   228     AD0STM0  BIT   ADC0CN.2 ; ADC 0 START OF CONVERSION MODE BIT 0
  00EB          +1   229     AD0STM1  BIT   ADC0CN.3 ; ADC 0 START OF CONVERSION MODE BIT 1
  00EC          +1   230     AD0BUSY  BIT   ADC0CN.4 ; ADC 0 BUSY FLAG
  00ED          +1   231     AD0INT   BIT   ADC0CN.5 ; ADC 0 CONVERISION COMPLETE INTERRUPT FLAG 
  00EE          +1   232     AD0TM    BIT   ADC0CN.6 ; ADC 0 TRACK MODE
  00EF          +1   233     AD0EN    BIT   ADC0CN.7 ; ADC 0 ENABLE
                +1   234     ;
                +1   235     ; SPI0CN F8H
  00F8          +1   236     SPIEN    BIT   SPI0CN.0 ; SPI 0 SPI ENABLE
  00F9          +1   237     MSTEN    BIT   SPI0CN.1 ; SPI 0 MASTER ENABLE
  00FA          +1   238     SLVSEL   BIT   SPI0CN.2 ; SPI 0 SLAVE SELECT
  00FB          +1   239     TXBSY    BIT   SPI0CN.3 ; SPI 0 TX BUSY FLAG
  00FC          +1   240     RXOVRN   BIT   SPI0CN.4 ; SPI 0 RX OVERRUN FLAG
  00FD          +1   241     MODF     BIT   SPI0CN.5 ; SPI 0 MODE FAULT FLAG
  00FE          +1   242     WCOL     BIT   SPI0CN.6 ; SPI 0 WRITE COLLISION FLAG
  00FF          +1   243     SPIF     BIT   SPI0CN.7 ; SPI 0 INTERRUPT FLAG
                     244     ;******************************************************************************
                     245     ;Declaration des variables et fonctions publiques
                     246     ;******************************************************************************
                     247     PUBLIC   Config_Timer3_BT
                     248     PUBLIC   _tempo
                     249     PUBLIC   _tempo_20US
                     250     PUBLIC   _tempo_100US
                     251     
                     252     ;******************************************************************************
                     253     ;Déclarations de périphériques
                     254     
  0096               255     GREEN_LED      EQU       P1.6
  00B7               256     BP             EQU       P3.7
A51 MACRO ASSEMBLER  TP1_LIB_ASM                                                          02/09/2026 11:22:08 PAGE     5

                     257     
                     258     ;******************************************************************************
                     259     ;Consignes de segmentation
                     260     ;******************************************************************************
                     261     zone_data     segment  DATA
----                 262                   rseg     zone_data
0000                 263     tampon:       ds       6
                     264     
                     265     Lib_TP_SM     segment  CODE
----                 266                               rseg     Lib_TP_SM     ; Switch to this code segment.
                     267                   using    0             ; Specify register bank for the following
                     268                                          ; program code.
                     269     
                     270     ;******************************************************************************
                     271     ;Initialisations de la mémoire code - Stockage de constante
                     272     ;******************************************************************************
                     273     
                     274     
                     275     ;******************************************************************************
                     276     ; Gestion du Timer 3
                     277     ; Routines permettant de mettre en oeuvre le timer 3
                     278     ;
                     279     ;******************************************************************************
                     280     
                     281     ;******************************************************************************            
                                 
                     282     ; Config_Timer3_BT
                     283     ;
                     284     ; Description: Sous-programme configurant le Timer3 pour fonctionner en
                     285     ;              Re-chargement automatique. Le timer va générer un overflow 
                     286     ;              toutes les ((65535-N) * 0.542) micro-secondes. 
                     287     ;
                     288     ; Paramètres d'entrée:  N dans R6(MSB) et R7(LSB)
                     289     ; Paramètres de sortie: aucun
                     290     ; Registres modifiés: TMR3RLL,TMR3RLH,TMR3H,TMR3L,TMR3CN
                     291     ; Pile: 0 octet (sauf pour l'appel de la sous -routine)
                     292     ;******************************************************************************
                     293     ; ATTENTION!!!   Il est impératif de remettre à zéro, par programme, le 
                     294     ;*************   Timer3 Overflow Flag.  
                     295     ;******************************************************************************
                     296     
0000                 297     Config_Timer3_BT:
                     298     
                     299     
0000 8F92            300              mov TMR3RLL, R7   ; Timer 3 Reload Register Low Byte
0002 8E93            301              mov TMR3RLH, R6   ; Timer 3 Reload Register High Byte
0004 8E95            302              mov TMR3H, R6     ; Ti mer 3 High Byte
0006 8F94            303              mov TMR3L, R7     ; Timer 3 Low Byte
0008 759106          304              mov TMR3CN, #006h ; Timer 3 Control Register
000B 22              305              ret
                     306     
                     307     ;******************************************************************************
                     308     ;******************************************************************************
                     309     ; _tempo
                     310     ;
                     311     ; Description: Sous-programme produisant une temporisation logicielle
                     312     ;              paramétrable par la variable csg_tempo.
                     313     ;              La temporisation générée est égale à csg_tempo micro-secondes.
                     314     ;              ATTENTION: csg_tempo ne doit pas être inférieure à 2
                     315     ;              La temporisation est calculée pour une horloge SYSCLK de 22,1184 MHz
                     316     ;              
                     317     ; Paramètres d'entrée:  csg_tempo dans R6(MSB) et R7(LSB)
                     318     ; Paramètres de sortie: aucun
                     319     ; Registres modifiés: R6 et R7
                     320     ; Pile: 2 octets 
                     321     ;******************************************************************************
A51 MACRO ASSEMBLER  TP1_LIB_ASM                                                          02/09/2026 11:22:08 PAGE     6

000C                 322     _tempo:
000C C0E0            323             PUSH  ACC
000E ED              324             MOV   A,R5
000F C0E0            325             PUSH  ACC
0011 EF              326             MOV  A,R7
0012 1F              327             DEC  R7
0013 7001            328             JNZ   ?C0006
0015 1E              329             DEC   R6
0016                 330     ?C0006:
0016                 331     ?C0001:
0016 EF              332              MOV  A,R7
0017 4E              333              ORL  A,R6
0018 600D            334              JZ   ?C0005
                     335     
001A EF              336              MOV  A,R7
001B 1F              337              DEC  R7
001C 7001            338              JNZ  ?C0007
001E 1E              339              DEC  R6
001F                 340     ?C0007:
001F 7D01            341              MOV  R5,#1  ; chaque incrément augmente la durée du SP de 0,316 US
                     342                                  ;pour SYSCLK = 22,1184 MHz
0021                 343     ?C0003:
0021 ED              344              MOV  A,R5
0022 60F2            345              JZ   ?C0001
0024 1D              346              DEC  R5
0025 80FA            347             SJMP ?C0003
0027                 348     ?C0005:
0027 D0E0            349              POP ACC
0029 ADE0            350              MOV R5,ACC
002B D0E0            351              POP ACC  
002D 22              352              RET    
                     353                      
                     354     ;******************************************************************************
                     355     ;******************************************************************************
                     356     ; __tempo_20US
                     357     ;
                     358     ; Description: Sous-programme produisant une temporisation logicielle de 20US (environ)
                     359     ;             
                     360     ;
                     361     ; Paramètres d'entrée:  aucun
                     362     ; Paramètres de sortie: aucun
                     363     ; Registres modifiés: aucun
                     364     ; Pile: 2 octets 
                     365     ;******************************************************************************
002E                 366     _tempo_20US:
002E C006            367             PUSH    AR6
0030 C007            368                     PUSH    AR7
0032 7F14            369                     MOV     R7,#20 ; Passage de paramètres avant l'appel de __tempo
0034 7E00            370                     MOV     R6,#00
0036 120000   F      371                     CALL    _tempo
0039 D007            372             POP     AR7
003B D006            373             POP     AR6             
003D 22              374             RET     
                     375     ;******************************************************************************
                     376     ;******************************************************************************
                     377     ; __tempo_100US
                     378     ;
                     379     ; Description: Sous-programme produisant une temporisation logicielle de 100US (environ)
                     380     ;             
                     381     ;
                     382     ; Paramètres d'entrée:  aucun
                     383     ; Paramètres de sortie: aucun
                     384     ; Registres modifiés: aucun
                     385     ; Pile: 2 octets 
                     386     ;******************************************************************************
003E                 387     _tempo_100US:
A51 MACRO ASSEMBLER  TP1_LIB_ASM                                                          02/09/2026 11:22:08 PAGE     7

003E C006            388             PUSH    AR6
0040 C007            389                     PUSH    AR7
0042 7F64            390                     MOV     R7,#100 ; Passage de paramètres avant l'appel de __tempo
0044 7E00            391                     MOV     R6,#00
0046 120000   F      392                     CALL    _tempo
0049 D007            393             POP     AR7
004B D006            394             POP     AR6             
004D 22              395             RET     
                     396     
                     397     
                     398     end
A51 MACRO ASSEMBLER  TP1_LIB_ASM                                                          02/09/2026 11:22:08 PAGE     8

SYMBOL TABLE LISTING
------ ----- -------


N A M E             T Y P E  V A L U E   ATTRIBUTES

?C0001 . . . . . .  C ADDR   0016H   R   SEG=LIB_TP_SM
?C0003 . . . . . .  C ADDR   0021H   R   SEG=LIB_TP_SM
?C0005 . . . . . .  C ADDR   0027H   R   SEG=LIB_TP_SM
?C0006 . . . . . .  C ADDR   0016H   R   SEG=LIB_TP_SM
?C0007 . . . . . .  C ADDR   001FH   R   SEG=LIB_TP_SM
AA . . . . . . . .  B ADDR   00C0H.2 A   
AC . . . . . . . .  B ADDR   00D0H.6 A   
ACC. . . . . . . .  D ADDR   00E0H   A   
AD0BUSY. . . . . .  B ADDR   00E8H.4 A   
AD0EN. . . . . . .  B ADDR   00E8H.7 A   
AD0INT . . . . . .  B ADDR   00E8H.5 A   
AD0LJST. . . . . .  B ADDR   00E8H.0 A   
AD0STM0. . . . . .  B ADDR   00E8H.2 A   
AD0STM1. . . . . .  B ADDR   00E8H.3 A   
AD0TM. . . . . . .  B ADDR   00E8H.6 A   
AD0WINT. . . . . .  B ADDR   00E8H.1 A   
ADC0CF . . . . . .  D ADDR   00BCH   A   
ADC0CN . . . . . .  D ADDR   00E8H   A   
ADC0GTH. . . . . .  D ADDR   00C5H   A   
ADC0GTL. . . . . .  D ADDR   00C4H   A   
ADC0H. . . . . . .  D ADDR   00BFH   A   
ADC0L. . . . . . .  D ADDR   00BEH   A   
ADC0LTH. . . . . .  D ADDR   00C7H   A   
ADC0LTL. . . . . .  D ADDR   00C6H   A   
ADC1 . . . . . . .  D ADDR   009CH   A   
ADC1CF . . . . . .  D ADDR   00ABH   A   
ADC1CN . . . . . .  D ADDR   00AAH   A   
AMX0CF . . . . . .  D ADDR   00BAH   A   
AMX0SL . . . . . .  D ADDR   00BBH   A   
AMX1SL . . . . . .  D ADDR   00ACH   A   
AR6. . . . . . . .  D ADDR   0006H   A   
AR7. . . . . . . .  D ADDR   0007H   A   
B. . . . . . . . .  D ADDR   00F0H   A   
BP . . . . . . . .  B ADDR   00B0H.7 A   
CCF0 . . . . . . .  B ADDR   00D8H.0 A   
CCF1 . . . . . . .  B ADDR   00D8H.1 A   
CCF2 . . . . . . .  B ADDR   00D8H.2 A   
CCF3 . . . . . . .  B ADDR   00D8H.3 A   
CCF4 . . . . . . .  B ADDR   00D8H.4 A   
CF . . . . . . . .  B ADDR   00D8H.7 A   
CKCON. . . . . . .  D ADDR   008EH   A   
CONFIG_TIMER3_BT .  C ADDR   0000H   R   SEG=LIB_TP_SM
CPRL2. . . . . . .  B ADDR   00C8H.0 A   
CPT0CN . . . . . .  D ADDR   009EH   A   
CPT1CN . . . . . .  D ADDR   009FH   A   
CR . . . . . . . .  B ADDR   00D8H.6 A   
CT2. . . . . . . .  B ADDR   00C8H.1 A   
CY . . . . . . . .  B ADDR   00D0H.7 A   
DAC0CN . . . . . .  D ADDR   00D4H   A   
DAC0H. . . . . . .  D ADDR   00D3H   A   
DAC0L. . . . . . .  D ADDR   00D2H   A   
DAC1CN . . . . . .  D ADDR   00D7H   A   
DAC1H. . . . . . .  D ADDR   00D6H   A   
DAC1L. . . . . . .  D ADDR   00D5H   A   
DPH. . . . . . . .  D ADDR   0083H   A   
DPL. . . . . . . .  D ADDR   0082H   A   
EA . . . . . . . .  B ADDR   00A8H.7 A   
EIE1 . . . . . . .  D ADDR   00E6H   A   
EIE2 . . . . . . .  D ADDR   00E7H   A   
EIP1 . . . . . . .  D ADDR   00F6H   A   
A51 MACRO ASSEMBLER  TP1_LIB_ASM                                                          02/09/2026 11:22:08 PAGE     9

EIP2 . . . . . . .  D ADDR   00F7H   A   
EMI0CF . . . . . .  D ADDR   00A3H   A   
EMI0CN . . . . . .  D ADDR   00AFH   A   
EMI0TC . . . . . .  D ADDR   00A1H   A   
ENSMB. . . . . . .  B ADDR   00C0H.6 A   
ES . . . . . . . .  B ADDR   00A8H.4 A   
ET0. . . . . . . .  B ADDR   00A8H.1 A   
ET1. . . . . . . .  B ADDR   00A8H.3 A   
ET2. . . . . . . .  B ADDR   00A8H.5 A   
EX0. . . . . . . .  B ADDR   00A8H.0 A   
EX1. . . . . . . .  B ADDR   00A8H.2 A   
EXEN2. . . . . . .  B ADDR   00C8H.3 A   
EXF2 . . . . . . .  B ADDR   00C8H.6 A   
F0 . . . . . . . .  B ADDR   00D0H.5 A   
F1 . . . . . . . .  B ADDR   00D0H.1 A   
FLACL. . . . . . .  D ADDR   00B7H   A   
FLSCL. . . . . . .  D ADDR   00B6H   A   
GREEN_LED. . . . .  B ADDR   0090H.6 A   
IE . . . . . . . .  D ADDR   00A8H   A   
IE0. . . . . . . .  B ADDR   0088H.1 A   
IE1. . . . . . . .  B ADDR   0088H.3 A   
IP . . . . . . . .  D ADDR   00B8H   A   
IT0. . . . . . . .  B ADDR   0088H.0 A   
IT1. . . . . . . .  B ADDR   0088H.2 A   
LIB_TP_SM. . . . .  C SEG    004EH       REL=UNIT
MODF . . . . . . .  B ADDR   00F8H.5 A   
MSTEN. . . . . . .  B ADDR   00F8H.1 A   
OSCICN . . . . . .  D ADDR   00B2H   A   
OSCXCN . . . . . .  D ADDR   00B1H   A   
OV . . . . . . . .  B ADDR   00D0H.2 A   
P. . . . . . . . .  B ADDR   00D0H.0 A   
P0 . . . . . . . .  D ADDR   0080H   A   
P0MDOUT. . . . . .  D ADDR   00A4H   A   
P1 . . . . . . . .  D ADDR   0090H   A   
P1MDIN . . . . . .  D ADDR   00BDH   A   
P1MDOUT. . . . . .  D ADDR   00A5H   A   
P2 . . . . . . . .  D ADDR   00A0H   A   
P2MDOUT. . . . . .  D ADDR   00A6H   A   
P3 . . . . . . . .  D ADDR   00B0H   A   
P3IF . . . . . . .  D ADDR   00ADH   A   
P3MDOUT. . . . . .  D ADDR   00A7H   A   
P4 . . . . . . . .  D ADDR   0084H   A   
P5 . . . . . . . .  D ADDR   0085H   A   
P6 . . . . . . . .  D ADDR   0086H   A   
P7 . . . . . . . .  D ADDR   0096H   A   
P74OUT . . . . . .  D ADDR   00B5H   A   
PCA0CN . . . . . .  D ADDR   00D8H   A   
PCA0CPH0 . . . . .  D ADDR   00FAH   A   
PCA0CPH1 . . . . .  D ADDR   00FBH   A   
PCA0CPH2 . . . . .  D ADDR   00FCH   A   
PCA0CPH3 . . . . .  D ADDR   00FDH   A   
PCA0CPH4 . . . . .  D ADDR   00FEH   A   
PCA0CPL0 . . . . .  D ADDR   00EAH   A   
PCA0CPL1 . . . . .  D ADDR   00EBH   A   
PCA0CPL2 . . . . .  D ADDR   00ECH   A   
PCA0CPL3 . . . . .  D ADDR   00EDH   A   
PCA0CPL4 . . . . .  D ADDR   00EEH   A   
PCA0CPM0 . . . . .  D ADDR   00DAH   A   
PCA0CPM1 . . . . .  D ADDR   00DBH   A   
PCA0CPM2 . . . . .  D ADDR   00DCH   A   
PCA0CPM3 . . . . .  D ADDR   00DDH   A   
PCA0CPM4 . . . . .  D ADDR   00DEH   A   
PCA0H. . . . . . .  D ADDR   00F9H   A   
PCA0L. . . . . . .  D ADDR   00E9H   A   
PCA0MD . . . . . .  D ADDR   00D9H   A   
PCON . . . . . . .  D ADDR   0087H   A   
A51 MACRO ASSEMBLER  TP1_LIB_ASM                                                          02/09/2026 11:22:08 PAGE    10

PS . . . . . . . .  B ADDR   00B8H.4 A   
PSCTL. . . . . . .  D ADDR   008FH   A   
PSW. . . . . . . .  D ADDR   00D0H   A   
PT0. . . . . . . .  B ADDR   00B8H.1 A   
PT1. . . . . . . .  B ADDR   00B8H.3 A   
PT2. . . . . . . .  B ADDR   00B8H.5 A   
PX0. . . . . . . .  B ADDR   00B8H.0 A   
PX1. . . . . . . .  B ADDR   00B8H.2 A   
RB8. . . . . . . .  B ADDR   0098H.2 A   
RCAP2H . . . . . .  D ADDR   00CBH   A   
RCAP2L . . . . . .  D ADDR   00CAH   A   
RCAP4H . . . . . .  D ADDR   00E5H   A   
RCAP4L . . . . . .  D ADDR   00E4H   A   
RCLK . . . . . . .  B ADDR   00C8H.5 A   
REF0CN . . . . . .  D ADDR   00D1H   A   
REN. . . . . . . .  B ADDR   0098H.4 A   
RI . . . . . . . .  B ADDR   0098H.0 A   
RS0. . . . . . . .  B ADDR   00D0H.3 A   
RS1. . . . . . . .  B ADDR   00D0H.4 A   
RSTSRC . . . . . .  D ADDR   00EFH   A   
RXOVRN . . . . . .  B ADDR   00F8H.4 A   
SADDR0 . . . . . .  D ADDR   00A9H   A   
SADDR1 . . . . . .  D ADDR   00F3H   A   
SADEN0 . . . . . .  D ADDR   00B9H   A   
SADEN1 . . . . . .  D ADDR   00AEH   A   
SBUF0. . . . . . .  D ADDR   0099H   A   
SBUF1. . . . . . .  D ADDR   00F2H   A   
SCON0. . . . . . .  D ADDR   0098H   A   
SCON1. . . . . . .  D ADDR   00F1H   A   
SI . . . . . . . .  B ADDR   00C0H.3 A   
SLVSEL . . . . . .  B ADDR   00F8H.2 A   
SM0. . . . . . . .  B ADDR   0098H.7 A   
SM1. . . . . . . .  B ADDR   0098H.6 A   
SM2. . . . . . . .  B ADDR   0098H.5 A   
SMB0ADR. . . . . .  D ADDR   00C3H   A   
SMB0CN . . . . . .  D ADDR   00C0H   A   
SMB0CR . . . . . .  D ADDR   00CFH   A   
SMB0DAT. . . . . .  D ADDR   00C2H   A   
SMB0STA. . . . . .  D ADDR   00C1H   A   
SMBFTE . . . . . .  B ADDR   00C0H.1 A   
SMBTOE . . . . . .  B ADDR   00C0H.0 A   
SP . . . . . . . .  D ADDR   0081H   A   
SPI0CFG. . . . . .  D ADDR   009AH   A   
SPI0CKR. . . . . .  D ADDR   009DH   A   
SPI0CN . . . . . .  D ADDR   00F8H   A   
SPI0DAT. . . . . .  D ADDR   009BH   A   
SPIEN. . . . . . .  B ADDR   00F8H.0 A   
SPIF . . . . . . .  B ADDR   00F8H.7 A   
STA. . . . . . . .  B ADDR   00C0H.5 A   
STO. . . . . . . .  B ADDR   00C0H.4 A   
T2CON. . . . . . .  D ADDR   00C8H   A   
T4CON. . . . . . .  D ADDR   00C9H   A   
TAMPON . . . . . .  D ADDR   0000H   R   SEG=ZONE_DATA
TB8. . . . . . . .  B ADDR   0098H.3 A   
TCLK . . . . . . .  B ADDR   00C8H.4 A   
TCON . . . . . . .  D ADDR   0088H   A   
TF0. . . . . . . .  B ADDR   0088H.5 A   
TF1. . . . . . . .  B ADDR   0088H.7 A   
TF2. . . . . . . .  B ADDR   00C8H.7 A   
TH0. . . . . . . .  D ADDR   008CH   A   
TH1. . . . . . . .  D ADDR   008DH   A   
TH2. . . . . . . .  D ADDR   00CDH   A   
TH4. . . . . . . .  D ADDR   00F5H   A   
TI . . . . . . . .  B ADDR   0098H.1 A   
TL0. . . . . . . .  D ADDR   008AH   A   
TL1. . . . . . . .  D ADDR   008BH   A   
A51 MACRO ASSEMBLER  TP1_LIB_ASM                                                          02/09/2026 11:22:08 PAGE    11

TL2. . . . . . . .  D ADDR   00CCH   A   
TL4. . . . . . . .  D ADDR   00F4H   A   
TMOD . . . . . . .  D ADDR   0089H   A   
TMR3CN . . . . . .  D ADDR   0091H   A   
TMR3H. . . . . . .  D ADDR   0095H   A   
TMR3L. . . . . . .  D ADDR   0094H   A   
TMR3RLH. . . . . .  D ADDR   0093H   A   
TMR3RLL. . . . . .  D ADDR   0092H   A   
TR0. . . . . . . .  B ADDR   0088H.4 A   
TR1. . . . . . . .  B ADDR   0088H.6 A   
TR2. . . . . . . .  B ADDR   00C8H.2 A   
TXBSY. . . . . . .  B ADDR   00F8H.3 A   
WCOL . . . . . . .  B ADDR   00F8H.6 A   
WDTCN. . . . . . .  D ADDR   00FFH   A   
XBR0 . . . . . . .  D ADDR   00E1H   A   
XBR1 . . . . . . .  D ADDR   00E2H   A   
XBR2 . . . . . . .  D ADDR   00E3H   A   
ZONE_DATA. . . . .  D SEG    0006H       REL=UNIT
_TEMPO . . . . . .  C ADDR   000CH   R   SEG=LIB_TP_SM
_TEMPO_100US . . .  C ADDR   003EH   R   SEG=LIB_TP_SM
_TEMPO_20US. . . .  C ADDR   002EH   R   SEG=LIB_TP_SM


REGISTER BANK(S) USED: 0 


ASSEMBLY COMPLETE.  0 WARNING(S), 0 ERROR(S)
